2024-06-18 20:39:47,218 INFO  [Log] **************************************************************************************** 
2024-06-18 20:39:47,218 INFO  [Log] **************************************************************************************** 
2024-06-18 20:39:47,219 INFO  [Log] $$$$$$$$$$$$$$$$$$$$$                 Accessing Membership Section Test Case       $$$$$$$$$$$$$$$$$$$$$$$$$ 
2024-06-18 20:39:47,220 INFO  [Log] **************************************************************************************** 
2024-06-18 20:39:47,220 INFO  [Log] **************************************************************************************** 
2024-06-18 20:39:47,220 INFO  [Log] my info page has been clicked 
2024-06-18 20:39:48,306 INFO  [Log] Membership Section has been clicked 
2024-06-18 20:39:48,333 INFO  [Log] Assigned Memberships page has been successfully opened 
2024-06-18 20:39:56,531 INFO  [Log] **************************************************************************************** 
2024-06-18 20:39:56,531 INFO  [Log] **************************************************************************************** 
2024-06-18 20:39:56,531 INFO  [Log] $$$$$$$$$$$$$$$$$$$$$                 Accessing Membership Section Test Case       $$$$$$$$$$$$$$$$$$$$$$$$$ 
2024-06-18 20:39:56,531 INFO  [Log] **************************************************************************************** 
2024-06-18 20:39:56,531 INFO  [Log] **************************************************************************************** 
2024-06-18 20:39:56,531 INFO  [Log] my info page has been clicked 
2024-06-18 20:39:57,608 INFO  [Log] Membership Section has been clicked 
2024-06-18 20:39:57,626 INFO  [Log] Assigned Memberships page has been successfully opened 
2024-06-18 20:39:57,674 INFO  [Log] **************************************************************************************** 
2024-06-18 20:39:57,674 INFO  [Log] **************************************************************************************** 
2024-06-18 20:39:57,674 INFO  [Log] $$$$$$$$$$$$$$$$$$$$$                 Create a new membership with valid membership details test case       $$$$$$$$$$$$$$$$$$$$$$$$$ 
2024-06-18 20:39:57,674 INFO  [Log] **************************************************************************************** 
2024-06-18 20:39:57,674 INFO  [Log] **************************************************************************************** 
2024-06-18 20:39:57,674 INFO  [Log] Add button has been clicked 
2024-06-18 20:39:57,802 INFO  [Log] Membership type has been selected 
2024-06-18 20:39:57,939 INFO  [Log] Membership subscription type has been selected 
2024-06-18 20:39:58,029 INFO  [Log] Subscription amount has been entered 
2024-06-18 20:39:58,152 INFO  [Log] Currency has been selected 
2024-06-18 20:39:58,275 INFO  [Log] Subscription starting  month and year has been selected 
2024-06-18 20:39:58,339 INFO  [Log] Subscription starting date has been selected 
2024-06-18 20:39:58,744 INFO  [Log] Subscription Renew  month and year has been selected 
2024-06-18 20:39:58,815 INFO  [Log] Subscription Renew date has been selected 
2024-06-18 20:40:00,244 INFO  [Log] Save button has been clicked 
2024-06-18 20:40:00,268 INFO  [Log] Successfully Saved message has appeared 
2024-06-18 20:40:08,187 INFO  [Log] **************************************************************************************** 
2024-06-18 20:40:08,187 INFO  [Log] **************************************************************************************** 
2024-06-18 20:40:08,187 INFO  [Log] $$$$$$$$$$$$$$$$$$$$$                 Accessing Membership Section Test Case       $$$$$$$$$$$$$$$$$$$$$$$$$ 
2024-06-18 20:40:08,187 INFO  [Log] **************************************************************************************** 
2024-06-18 20:40:08,187 INFO  [Log] **************************************************************************************** 
2024-06-18 20:40:08,187 INFO  [Log] my info page has been clicked 
2024-06-18 20:40:09,186 INFO  [Log] Membership Section has been clicked 
2024-06-18 20:40:09,205 INFO  [Log] Assigned Memberships page has been successfully opened 
2024-06-18 20:40:09,250 INFO  [Log] **************************************************************************************** 
2024-06-18 20:40:09,250 INFO  [Log] **************************************************************************************** 
2024-06-18 20:40:09,250 INFO  [Log] $$$$$$$$$$$$$$$$$$$$$                 Create a new membership with valid membership details test case       $$$$$$$$$$$$$$$$$$$$$$$$$ 
2024-06-18 20:40:09,250 INFO  [Log] **************************************************************************************** 
2024-06-18 20:40:09,250 INFO  [Log] **************************************************************************************** 
2024-06-18 20:40:09,250 INFO  [Log] Add button has been clicked 
2024-06-18 20:40:09,288 INFO  [Log] **************************************************************************************** 
2024-06-18 20:40:09,288 INFO  [Log] **************************************************************************************** 
2024-06-18 20:40:09,288 INFO  [Log] $$$$$$$$$$$$$$$$$$$$$                 Add new membership with empty fields Test Case       $$$$$$$$$$$$$$$$$$$$$$$$$ 
2024-06-18 20:40:09,288 INFO  [Log] **************************************************************************************** 
2024-06-18 20:40:09,288 INFO  [Log] **************************************************************************************** 
2024-06-18 20:40:09,288 INFO  [Log] Save button has been clicked with empty mandatory fields 
2024-06-18 20:40:09,312 INFO  [Log] Required error message has appeared after empty fields saving attempt 
2024-06-18 20:40:17,408 INFO  [Log] **************************************************************************************** 
2024-06-18 20:40:17,408 INFO  [Log] **************************************************************************************** 
2024-06-18 20:40:17,408 INFO  [Log] $$$$$$$$$$$$$$$$$$$$$                 Accessing Membership Section Test Case       $$$$$$$$$$$$$$$$$$$$$$$$$ 
2024-06-18 20:40:17,408 INFO  [Log] **************************************************************************************** 
2024-06-18 20:40:17,408 INFO  [Log] **************************************************************************************** 
2024-06-18 20:40:17,408 INFO  [Log] my info page has been clicked 
2024-06-18 20:40:18,587 INFO  [Log] Membership Section has been clicked 
2024-06-18 20:40:18,614 INFO  [Log] Assigned Memberships page has been successfully opened 
2024-06-18 20:40:18,665 INFO  [Log] **************************************************************************************** 
2024-06-18 20:40:18,665 INFO  [Log] **************************************************************************************** 
2024-06-18 20:40:18,665 INFO  [Log] $$$$$$$$$$$$$$$$$$$$$                 Edit existing membership details       $$$$$$$$$$$$$$$$$$$$$$$$$ 
2024-06-18 20:40:18,665 INFO  [Log] **************************************************************************************** 
2024-06-18 20:40:18,665 INFO  [Log] **************************************************************************************** 
2024-06-18 20:40:18,665 INFO  [Log] Existing Membership code has been clicked 
2024-06-18 20:40:18,683 INFO  [Log] Edit Membership section has been open 
2024-06-18 20:40:18,812 INFO  [Log] Membership type has been changed to Individual 
2024-06-18 20:40:18,975 INFO  [Log] Currency type has been changed to AUD 
2024-06-18 20:40:20,379 INFO  [Log] Save button has been clicked 
2024-06-18 20:40:20,404 INFO  [Log] Successfully Saved message has appeared 
2024-06-18 20:40:20,421 INFO  [Log] Membership details has been updated 
2024-06-18 20:40:28,247 INFO  [Log] **************************************************************************************** 
2024-06-18 20:40:28,247 INFO  [Log] **************************************************************************************** 
2024-06-18 20:40:28,247 INFO  [Log] $$$$$$$$$$$$$$$$$$$$$                 Accessing Membership Section Test Case       $$$$$$$$$$$$$$$$$$$$$$$$$ 
2024-06-18 20:40:28,247 INFO  [Log] **************************************************************************************** 
2024-06-18 20:40:28,247 INFO  [Log] **************************************************************************************** 
2024-06-18 20:40:28,247 INFO  [Log] my info page has been clicked 
2024-06-18 20:40:29,168 INFO  [Log] Membership Section has been clicked 
2024-06-18 20:40:29,185 INFO  [Log] Assigned Memberships page has been successfully opened 
2024-06-18 20:40:29,232 INFO  [Log] **************************************************************************************** 
2024-06-18 20:40:29,232 INFO  [Log] **************************************************************************************** 
2024-06-18 20:40:29,232 INFO  [Log] $$$$$$$$$$$$$$$$$$$$$                 Delete existing membership Test Case       $$$$$$$$$$$$$$$$$$$$$$$$$ 
2024-06-18 20:40:29,232 INFO  [Log] **************************************************************************************** 
2024-06-18 20:40:29,232 INFO  [Log] **************************************************************************************** 
2024-06-18 20:40:29,232 INFO  [Log] Checkbox next to membership name has been clicked 
2024-06-18 20:40:30,477 INFO  [Log] DELETE button has been clicked 
2024-06-18 20:40:30,508 INFO  [Log] Successfully removed message has appeared 
2024-06-18 20:44:53,534 INFO  [Log] **************************************************************************************** 
2024-06-18 20:44:53,535 INFO  [Log] **************************************************************************************** 
2024-06-18 20:44:53,535 INFO  [Log] $$$$$$$$$$$$$$$$$$$$$                 Accessing Membership Section Test Case       $$$$$$$$$$$$$$$$$$$$$$$$$ 
2024-06-18 20:44:53,535 INFO  [Log] **************************************************************************************** 
2024-06-18 20:44:53,535 INFO  [Log] **************************************************************************************** 
2024-06-18 20:44:53,535 INFO  [Log] my info page has been clicked 
2024-06-18 20:44:54,596 INFO  [Log] Membership Section has been clicked 
2024-06-18 20:44:54,623 INFO  [Log] Assigned Memberships page has been successfully opened 
2024-06-18 20:45:02,776 INFO  [Log] **************************************************************************************** 
2024-06-18 20:45:02,777 INFO  [Log] **************************************************************************************** 
2024-06-18 20:45:02,777 INFO  [Log] $$$$$$$$$$$$$$$$$$$$$                 Accessing Membership Section Test Case       $$$$$$$$$$$$$$$$$$$$$$$$$ 
2024-06-18 20:45:02,777 INFO  [Log] **************************************************************************************** 
2024-06-18 20:45:02,777 INFO  [Log] **************************************************************************************** 
2024-06-18 20:45:02,777 INFO  [Log] my info page has been clicked 
2024-06-18 20:45:03,864 INFO  [Log] Membership Section has been clicked 
2024-06-18 20:45:03,890 INFO  [Log] Assigned Memberships page has been successfully opened 
2024-06-18 20:45:03,940 INFO  [Log] **************************************************************************************** 
2024-06-18 20:45:03,940 INFO  [Log] **************************************************************************************** 
2024-06-18 20:45:03,940 INFO  [Log] $$$$$$$$$$$$$$$$$$$$$                 Create a new membership with valid membership details test case       $$$$$$$$$$$$$$$$$$$$$$$$$ 
2024-06-18 20:45:03,940 INFO  [Log] **************************************************************************************** 
2024-06-18 20:45:03,940 INFO  [Log] **************************************************************************************** 
2024-06-18 20:45:03,940 INFO  [Log] Add button has been clicked 
2024-06-18 20:45:04,069 INFO  [Log] Membership type has been selected 
2024-06-18 20:45:04,210 INFO  [Log] Membership subscription type has been selected 
2024-06-18 20:45:04,295 INFO  [Log] Subscription amount has been entered 
2024-06-18 20:45:04,415 INFO  [Log] Currency has been selected 
2024-06-18 20:45:04,537 INFO  [Log] Subscription starting  month and year has been selected 
2024-06-18 20:45:04,600 INFO  [Log] Subscription starting date has been selected 
2024-06-18 20:45:05,000 INFO  [Log] Subscription Renew  month and year has been selected 
2024-06-18 20:45:05,072 INFO  [Log] Subscription Renew date has been selected 
2024-06-18 20:45:06,451 INFO  [Log] Save button has been clicked 
2024-06-18 20:45:06,470 INFO  [Log] Successfully Saved message has appeared 
2024-06-18 20:45:14,415 INFO  [Log] **************************************************************************************** 
2024-06-18 20:45:14,415 INFO  [Log] **************************************************************************************** 
2024-06-18 20:45:14,415 INFO  [Log] $$$$$$$$$$$$$$$$$$$$$                 Accessing Membership Section Test Case       $$$$$$$$$$$$$$$$$$$$$$$$$ 
2024-06-18 20:45:14,415 INFO  [Log] **************************************************************************************** 
2024-06-18 20:45:14,415 INFO  [Log] **************************************************************************************** 
2024-06-18 20:45:14,415 INFO  [Log] my info page has been clicked 
2024-06-18 20:45:15,522 INFO  [Log] Membership Section has been clicked 
2024-06-18 20:45:15,547 INFO  [Log] Assigned Memberships page has been successfully opened 
2024-06-18 20:45:15,595 INFO  [Log] **************************************************************************************** 
2024-06-18 20:45:15,595 INFO  [Log] **************************************************************************************** 
2024-06-18 20:45:15,595 INFO  [Log] $$$$$$$$$$$$$$$$$$$$$                 Create a new membership with valid membership details test case       $$$$$$$$$$$$$$$$$$$$$$$$$ 
2024-06-18 20:45:15,595 INFO  [Log] **************************************************************************************** 
2024-06-18 20:45:15,595 INFO  [Log] **************************************************************************************** 
2024-06-18 20:45:15,595 INFO  [Log] Add button has been clicked 
2024-06-18 20:45:15,631 INFO  [Log] **************************************************************************************** 
2024-06-18 20:45:15,631 INFO  [Log] **************************************************************************************** 
2024-06-18 20:45:15,631 INFO  [Log] $$$$$$$$$$$$$$$$$$$$$                 Add new membership with empty fields Test Case       $$$$$$$$$$$$$$$$$$$$$$$$$ 
2024-06-18 20:45:15,631 INFO  [Log] **************************************************************************************** 
2024-06-18 20:45:15,631 INFO  [Log] **************************************************************************************** 
2024-06-18 20:45:15,631 INFO  [Log] Save button has been clicked with empty mandatory fields 
2024-06-18 20:45:15,655 INFO  [Log] Required error message has appeared after empty fields saving attempt 
2024-06-18 20:45:23,459 INFO  [Log] **************************************************************************************** 
2024-06-18 20:45:23,459 INFO  [Log] **************************************************************************************** 
2024-06-18 20:45:23,460 INFO  [Log] $$$$$$$$$$$$$$$$$$$$$                 Accessing Membership Section Test Case       $$$$$$$$$$$$$$$$$$$$$$$$$ 
2024-06-18 20:45:23,460 INFO  [Log] **************************************************************************************** 
2024-06-18 20:45:23,460 INFO  [Log] **************************************************************************************** 
2024-06-18 20:45:23,460 INFO  [Log] my info page has been clicked 
2024-06-18 20:45:24,654 INFO  [Log] Membership Section has been clicked 
2024-06-18 20:45:24,678 INFO  [Log] Assigned Memberships page has been successfully opened 
2024-06-18 20:45:24,727 INFO  [Log] **************************************************************************************** 
2024-06-18 20:45:24,727 INFO  [Log] **************************************************************************************** 
2024-06-18 20:45:24,727 INFO  [Log] $$$$$$$$$$$$$$$$$$$$$                 Edit existing membership details       $$$$$$$$$$$$$$$$$$$$$$$$$ 
2024-06-18 20:45:24,727 INFO  [Log] **************************************************************************************** 
2024-06-18 20:45:24,727 INFO  [Log] **************************************************************************************** 
2024-06-18 20:45:24,727 INFO  [Log] Existing Membership code has been clicked 
2024-06-18 20:45:24,744 INFO  [Log] Edit Membership section has been open 
2024-06-18 20:45:24,860 INFO  [Log] Membership type has been changed to Individual 
2024-06-18 20:45:25,022 INFO  [Log] Currency type has been changed to AUD 
2024-06-18 20:45:26,509 INFO  [Log] Save button has been clicked 
2024-06-18 20:45:26,534 INFO  [Log] Successfully Saved message has appeared 
2024-06-18 20:45:26,550 INFO  [Log] Membership details has been updated 
2024-06-18 20:45:34,523 INFO  [Log] **************************************************************************************** 
2024-06-18 20:45:34,523 INFO  [Log] **************************************************************************************** 
2024-06-18 20:45:34,523 INFO  [Log] $$$$$$$$$$$$$$$$$$$$$                 Accessing Membership Section Test Case       $$$$$$$$$$$$$$$$$$$$$$$$$ 
2024-06-18 20:45:34,523 INFO  [Log] **************************************************************************************** 
2024-06-18 20:45:34,523 INFO  [Log] **************************************************************************************** 
2024-06-18 20:45:34,523 INFO  [Log] my info page has been clicked 
2024-06-18 20:45:35,596 INFO  [Log] Membership Section has been clicked 
2024-06-18 20:45:35,621 INFO  [Log] Assigned Memberships page has been successfully opened 
2024-06-18 20:45:35,671 INFO  [Log] **************************************************************************************** 
2024-06-18 20:45:35,671 INFO  [Log] **************************************************************************************** 
2024-06-18 20:45:35,672 INFO  [Log] $$$$$$$$$$$$$$$$$$$$$                 Delete existing membership Test Case       $$$$$$$$$$$$$$$$$$$$$$$$$ 
2024-06-18 20:45:35,672 INFO  [Log] **************************************************************************************** 
2024-06-18 20:45:35,672 INFO  [Log] **************************************************************************************** 
2024-06-18 20:45:35,672 INFO  [Log] Checkbox next to membership name has been clicked 
2024-06-18 20:45:37,244 INFO  [Log] DELETE button has been clicked 
2024-06-18 20:45:37,283 INFO  [Log] Successfully removed message has appeared 
2024-06-18 21:16:40,203 INFO  [Log] **************************************************************************************** 
2024-06-18 21:16:40,203 INFO  [Log] **************************************************************************************** 
2024-06-18 21:16:40,204 INFO  [Log] $$$$$$$$$$$$$$$$$$$$$                 Accessing Membership Section Test Case       $$$$$$$$$$$$$$$$$$$$$$$$$ 
2024-06-18 21:16:40,204 INFO  [Log] **************************************************************************************** 
2024-06-18 21:16:40,204 INFO  [Log] **************************************************************************************** 
2024-06-18 21:16:40,204 INFO  [Log] my info page has been clicked 
2024-06-18 21:16:41,249 INFO  [Log] Membership Section has been clicked 
2024-06-18 21:16:41,277 INFO  [Log] Assigned Memberships page has been successfully opened 
2024-06-18 21:16:49,297 INFO  [Log] **************************************************************************************** 
2024-06-18 21:16:49,297 INFO  [Log] **************************************************************************************** 
2024-06-18 21:16:49,297 INFO  [Log] $$$$$$$$$$$$$$$$$$$$$                 Accessing Membership Section Test Case       $$$$$$$$$$$$$$$$$$$$$$$$$ 
2024-06-18 21:16:49,297 INFO  [Log] **************************************************************************************** 
2024-06-18 21:16:49,297 INFO  [Log] **************************************************************************************** 
2024-06-18 21:16:49,297 INFO  [Log] my info page has been clicked 
2024-06-18 21:16:50,374 INFO  [Log] Membership Section has been clicked 
2024-06-18 21:16:50,393 INFO  [Log] Assigned Memberships page has been successfully opened 
2024-06-18 21:16:50,440 INFO  [Log] **************************************************************************************** 
2024-06-18 21:16:50,440 INFO  [Log] **************************************************************************************** 
2024-06-18 21:16:50,440 INFO  [Log] $$$$$$$$$$$$$$$$$$$$$                 Create a new membership with valid membership details test case       $$$$$$$$$$$$$$$$$$$$$$$$$ 
2024-06-18 21:16:50,440 INFO  [Log] **************************************************************************************** 
2024-06-18 21:16:50,440 INFO  [Log] **************************************************************************************** 
2024-06-18 21:16:50,440 INFO  [Log] Add button has been clicked 
2024-06-18 21:16:50,569 INFO  [Log] Membership type has been selected 
2024-06-18 21:16:50,708 INFO  [Log] Membership subscription type has been selected 
2024-06-18 21:16:50,793 INFO  [Log] Subscription amount has been entered 
2024-06-18 21:16:50,888 INFO  [Log] Currency has been selected 
2024-06-18 21:16:51,053 INFO  [Log] Subscription starting  month and year has been selected 
2024-06-18 21:16:51,116 INFO  [Log] Subscription starting date has been selected 
2024-06-18 21:16:51,528 INFO  [Log] Subscription Renew  month and year has been selected 
2024-06-18 21:16:51,598 INFO  [Log] Subscription Renew date has been selected 
2024-06-18 21:16:52,941 INFO  [Log] Save button has been clicked 
2024-06-18 21:16:52,961 INFO  [Log] Successfully Saved message has appeared 
2024-06-18 21:17:00,975 INFO  [Log] **************************************************************************************** 
2024-06-18 21:17:00,975 INFO  [Log] **************************************************************************************** 
2024-06-18 21:17:00,975 INFO  [Log] $$$$$$$$$$$$$$$$$$$$$                 Accessing Membership Section Test Case       $$$$$$$$$$$$$$$$$$$$$$$$$ 
2024-06-18 21:17:00,975 INFO  [Log] **************************************************************************************** 
2024-06-18 21:17:00,975 INFO  [Log] **************************************************************************************** 
2024-06-18 21:17:00,975 INFO  [Log] my info page has been clicked 
2024-06-18 21:17:01,975 INFO  [Log] Membership Section has been clicked 
2024-06-18 21:17:01,997 INFO  [Log] Assigned Memberships page has been successfully opened 
2024-06-18 21:17:02,042 INFO  [Log] **************************************************************************************** 
2024-06-18 21:17:02,042 INFO  [Log] **************************************************************************************** 
2024-06-18 21:17:02,042 INFO  [Log] $$$$$$$$$$$$$$$$$$$$$                 Create a new membership with valid membership details test case       $$$$$$$$$$$$$$$$$$$$$$$$$ 
2024-06-18 21:17:02,042 INFO  [Log] **************************************************************************************** 
2024-06-18 21:17:02,042 INFO  [Log] **************************************************************************************** 
2024-06-18 21:17:02,042 INFO  [Log] Add button has been clicked 
2024-06-18 21:17:02,078 INFO  [Log] **************************************************************************************** 
2024-06-18 21:17:02,078 INFO  [Log] **************************************************************************************** 
2024-06-18 21:17:02,078 INFO  [Log] $$$$$$$$$$$$$$$$$$$$$                 Add new membership with empty fields Test Case       $$$$$$$$$$$$$$$$$$$$$$$$$ 
2024-06-18 21:17:02,078 INFO  [Log] **************************************************************************************** 
2024-06-18 21:17:02,078 INFO  [Log] **************************************************************************************** 
2024-06-18 21:17:02,078 INFO  [Log] Save button has been clicked with empty mandatory fields 
2024-06-18 21:17:02,104 INFO  [Log] Required error message has appeared after empty fields saving attempt 
2024-06-18 21:17:10,244 INFO  [Log] **************************************************************************************** 
2024-06-18 21:17:10,245 INFO  [Log] **************************************************************************************** 
2024-06-18 21:17:10,245 INFO  [Log] $$$$$$$$$$$$$$$$$$$$$                 Accessing Membership Section Test Case       $$$$$$$$$$$$$$$$$$$$$$$$$ 
2024-06-18 21:17:10,245 INFO  [Log] **************************************************************************************** 
2024-06-18 21:17:10,245 INFO  [Log] **************************************************************************************** 
2024-06-18 21:17:10,245 INFO  [Log] my info page has been clicked 
2024-06-18 21:17:11,324 INFO  [Log] Membership Section has been clicked 
2024-06-18 21:17:11,349 INFO  [Log] Assigned Memberships page has been successfully opened 
2024-06-18 21:17:11,399 INFO  [Log] **************************************************************************************** 
2024-06-18 21:17:11,399 INFO  [Log] **************************************************************************************** 
2024-06-18 21:17:11,399 INFO  [Log] $$$$$$$$$$$$$$$$$$$$$                 Edit existing membership details       $$$$$$$$$$$$$$$$$$$$$$$$$ 
2024-06-18 21:17:11,399 INFO  [Log] **************************************************************************************** 
2024-06-18 21:17:11,399 INFO  [Log] **************************************************************************************** 
2024-06-18 21:17:11,399 INFO  [Log] Existing Membership code has been clicked 
2024-06-18 21:17:11,416 INFO  [Log] Edit Membership section has been open 
2024-06-18 21:17:11,542 INFO  [Log] Membership type has been changed to Individual 
2024-06-18 21:17:11,690 INFO  [Log] Currency type has been changed to AUD 
2024-06-18 21:17:13,237 INFO  [Log] Save button has been clicked 
2024-06-18 21:17:13,261 INFO  [Log] Successfully Saved message has appeared 
2024-06-18 21:17:13,277 INFO  [Log] Membership details has been updated 
2024-06-18 21:17:21,302 INFO  [Log] **************************************************************************************** 
2024-06-18 21:17:21,302 INFO  [Log] **************************************************************************************** 
2024-06-18 21:17:21,302 INFO  [Log] $$$$$$$$$$$$$$$$$$$$$                 Accessing Membership Section Test Case       $$$$$$$$$$$$$$$$$$$$$$$$$ 
2024-06-18 21:17:21,302 INFO  [Log] **************************************************************************************** 
2024-06-18 21:17:21,302 INFO  [Log] **************************************************************************************** 
2024-06-18 21:17:21,302 INFO  [Log] my info page has been clicked 
2024-06-18 21:17:22,384 INFO  [Log] Membership Section has been clicked 
2024-06-18 21:17:22,409 INFO  [Log] Assigned Memberships page has been successfully opened 
2024-06-18 21:17:22,458 INFO  [Log] **************************************************************************************** 
2024-06-18 21:17:22,458 INFO  [Log] **************************************************************************************** 
2024-06-18 21:17:22,458 INFO  [Log] $$$$$$$$$$$$$$$$$$$$$                 Delete existing membership Test Case       $$$$$$$$$$$$$$$$$$$$$$$$$ 
2024-06-18 21:17:22,458 INFO  [Log] **************************************************************************************** 
2024-06-18 21:17:22,458 INFO  [Log] **************************************************************************************** 
2024-06-18 21:17:22,458 INFO  [Log] Checkbox next to membership name has been clicked 
2024-06-18 21:17:23,825 INFO  [Log] DELETE button has been clicked 
2024-06-18 21:17:23,861 INFO  [Log] Successfully removed message has appeared 
2024-06-18 22:13:03,974 INFO  [Log] **************************************************************************************** 
2024-06-18 22:13:03,974 INFO  [Log] **************************************************************************************** 
2024-06-18 22:13:03,975 INFO  [Log] $$$$$$$$$$$$$$$$$$$$$                 Accessing Membership Section Test Case       $$$$$$$$$$$$$$$$$$$$$$$$$ 
2024-06-18 22:13:03,975 INFO  [Log] **************************************************************************************** 
2024-06-18 22:13:03,975 INFO  [Log] **************************************************************************************** 
2024-06-18 22:13:03,975 INFO  [Log] my info page has been clicked 
2024-06-18 22:13:05,040 INFO  [Log] Membership Section has been clicked 
2024-06-18 22:13:05,064 INFO  [Log] Assigned Memberships page has been successfully opened 
2024-06-18 22:13:13,274 INFO  [Log] **************************************************************************************** 
2024-06-18 22:13:13,274 INFO  [Log] **************************************************************************************** 
2024-06-18 22:13:13,274 INFO  [Log] $$$$$$$$$$$$$$$$$$$$$                 Accessing Membership Section Test Case       $$$$$$$$$$$$$$$$$$$$$$$$$ 
2024-06-18 22:13:13,274 INFO  [Log] **************************************************************************************** 
2024-06-18 22:13:13,274 INFO  [Log] **************************************************************************************** 
2024-06-18 22:13:13,274 INFO  [Log] my info page has been clicked 
2024-06-18 22:13:14,177 INFO  [Log] Membership Section has been clicked 
2024-06-18 22:13:14,195 INFO  [Log] Assigned Memberships page has been successfully opened 
2024-06-18 22:13:14,242 INFO  [Log] **************************************************************************************** 
2024-06-18 22:13:14,242 INFO  [Log] **************************************************************************************** 
2024-06-18 22:13:14,242 INFO  [Log] $$$$$$$$$$$$$$$$$$$$$                 Create a new membership with valid membership details test case       $$$$$$$$$$$$$$$$$$$$$$$$$ 
2024-06-18 22:13:14,242 INFO  [Log] **************************************************************************************** 
2024-06-18 22:13:14,242 INFO  [Log] **************************************************************************************** 
2024-06-18 22:13:14,242 INFO  [Log] Add button has been clicked 
2024-06-18 22:13:14,379 INFO  [Log] Membership type has been selected 
2024-06-18 22:13:14,532 INFO  [Log] Membership subscription type has been selected 
2024-06-18 22:13:14,620 INFO  [Log] Subscription amount has been entered 
2024-06-18 22:13:14,714 INFO  [Log] Currency has been selected 
2024-06-18 22:13:14,881 INFO  [Log] Subscription starting  month and year has been selected 
2024-06-18 22:13:14,944 INFO  [Log] Subscription starting date has been selected 
2024-06-18 22:13:15,351 INFO  [Log] Subscription Renew  month and year has been selected 
2024-06-18 22:13:15,423 INFO  [Log] Subscription Renew date has been selected 
2024-06-18 22:13:16,848 INFO  [Log] Save button has been clicked 
2024-06-18 22:13:16,884 INFO  [Log] Successfully Saved message has appeared 
2024-06-18 22:13:24,755 INFO  [Log] **************************************************************************************** 
2024-06-18 22:13:24,755 INFO  [Log] **************************************************************************************** 
2024-06-18 22:13:24,755 INFO  [Log] $$$$$$$$$$$$$$$$$$$$$                 Accessing Membership Section Test Case       $$$$$$$$$$$$$$$$$$$$$$$$$ 
2024-06-18 22:13:24,755 INFO  [Log] **************************************************************************************** 
2024-06-18 22:13:24,755 INFO  [Log] **************************************************************************************** 
2024-06-18 22:13:24,756 INFO  [Log] my info page has been clicked 
2024-06-18 22:13:25,922 INFO  [Log] Membership Section has been clicked 
2024-06-18 22:13:25,948 INFO  [Log] Assigned Memberships page has been successfully opened 
2024-06-18 22:13:25,996 INFO  [Log] **************************************************************************************** 
2024-06-18 22:13:25,996 INFO  [Log] **************************************************************************************** 
2024-06-18 22:13:25,996 INFO  [Log] $$$$$$$$$$$$$$$$$$$$$                 Create a new membership with valid membership details test case       $$$$$$$$$$$$$$$$$$$$$$$$$ 
2024-06-18 22:13:25,996 INFO  [Log] **************************************************************************************** 
2024-06-18 22:13:25,996 INFO  [Log] **************************************************************************************** 
2024-06-18 22:13:25,996 INFO  [Log] Add button has been clicked 
2024-06-18 22:13:26,035 INFO  [Log] **************************************************************************************** 
2024-06-18 22:13:26,035 INFO  [Log] **************************************************************************************** 
2024-06-18 22:13:26,035 INFO  [Log] $$$$$$$$$$$$$$$$$$$$$                 Add new membership with empty fields Test Case       $$$$$$$$$$$$$$$$$$$$$$$$$ 
2024-06-18 22:13:26,035 INFO  [Log] **************************************************************************************** 
2024-06-18 22:13:26,035 INFO  [Log] **************************************************************************************** 
2024-06-18 22:13:26,035 INFO  [Log] Save button has been clicked with empty mandatory fields 
2024-06-18 22:13:26,059 INFO  [Log] Required error message has appeared after empty fields saving attempt 
2024-06-18 22:13:33,961 INFO  [Log] **************************************************************************************** 
2024-06-18 22:13:33,961 INFO  [Log] **************************************************************************************** 
2024-06-18 22:13:33,961 INFO  [Log] $$$$$$$$$$$$$$$$$$$$$                 Accessing Membership Section Test Case       $$$$$$$$$$$$$$$$$$$$$$$$$ 
2024-06-18 22:13:33,961 INFO  [Log] **************************************************************************************** 
2024-06-18 22:13:33,961 INFO  [Log] **************************************************************************************** 
2024-06-18 22:13:33,961 INFO  [Log] my info page has been clicked 
2024-06-18 22:13:35,137 INFO  [Log] Membership Section has been clicked 
2024-06-18 22:13:35,160 INFO  [Log] Assigned Memberships page has been successfully opened 
2024-06-18 22:13:35,212 INFO  [Log] **************************************************************************************** 
2024-06-18 22:13:35,212 INFO  [Log] **************************************************************************************** 
2024-06-18 22:13:35,212 INFO  [Log] $$$$$$$$$$$$$$$$$$$$$                 Edit existing membership details       $$$$$$$$$$$$$$$$$$$$$$$$$ 
2024-06-18 22:13:35,212 INFO  [Log] **************************************************************************************** 
2024-06-18 22:13:35,212 INFO  [Log] **************************************************************************************** 
2024-06-18 22:13:35,212 INFO  [Log] Existing Membership code has been clicked 
2024-06-18 22:13:35,227 INFO  [Log] Edit Membership section has been open 
2024-06-18 22:13:35,361 INFO  [Log] Membership type has been changed to Individual 
2024-06-18 22:13:35,498 INFO  [Log] Currency type has been changed to AUD 
2024-06-18 22:13:37,076 INFO  [Log] Save button has been clicked 
2024-06-18 22:13:37,106 INFO  [Log] Successfully Saved message has appeared 
2024-06-18 22:13:37,120 INFO  [Log] Membership details has been updated 
2024-06-18 22:13:45,134 INFO  [Log] **************************************************************************************** 
2024-06-18 22:13:45,134 INFO  [Log] **************************************************************************************** 
2024-06-18 22:13:45,134 INFO  [Log] $$$$$$$$$$$$$$$$$$$$$                 Accessing Membership Section Test Case       $$$$$$$$$$$$$$$$$$$$$$$$$ 
2024-06-18 22:13:45,134 INFO  [Log] **************************************************************************************** 
2024-06-18 22:13:45,134 INFO  [Log] **************************************************************************************** 
2024-06-18 22:13:45,134 INFO  [Log] my info page has been clicked 
2024-06-18 22:13:46,304 INFO  [Log] Membership Section has been clicked 
2024-06-18 22:13:46,328 INFO  [Log] Assigned Memberships page has been successfully opened 
2024-06-18 22:13:46,377 INFO  [Log] **************************************************************************************** 
2024-06-18 22:13:46,377 INFO  [Log] **************************************************************************************** 
2024-06-18 22:13:46,377 INFO  [Log] $$$$$$$$$$$$$$$$$$$$$                 Delete existing membership Test Case       $$$$$$$$$$$$$$$$$$$$$$$$$ 
2024-06-18 22:13:46,377 INFO  [Log] **************************************************************************************** 
2024-06-18 22:13:46,377 INFO  [Log] **************************************************************************************** 
2024-06-18 22:13:46,377 INFO  [Log] Checkbox next to membership name has been clicked 
2024-06-18 22:13:47,844 INFO  [Log] DELETE button has been clicked 
2024-06-18 22:13:47,882 INFO  [Log] Successfully removed message has appeared 
2024-06-18 22:47:52,892 INFO  [Log] **************************************************************************************** 
2024-06-18 22:47:52,892 INFO  [Log] **************************************************************************************** 
2024-06-18 22:47:52,893 INFO  [Log] $$$$$$$$$$$$$$$$$$$$$                 Accessing Membership Section Test Case       $$$$$$$$$$$$$$$$$$$$$$$$$ 
2024-06-18 22:47:52,893 INFO  [Log] **************************************************************************************** 
2024-06-18 22:47:52,893 INFO  [Log] **************************************************************************************** 
2024-06-18 22:47:52,893 INFO  [Log] my info page has been clicked 
2024-06-18 22:47:53,837 INFO  [Log] Membership Section has been clicked 
2024-06-18 22:47:53,853 INFO  [Log] Assigned Memberships page has been successfully opened 
2024-06-18 22:48:46,416 INFO  [Log] Entering invalid credentials 
2024-06-18 22:48:46,416 INFO  [Log] Blank username + valid password 
2024-06-18 22:48:46,416 INFO  [Log] actual username + blank password 
2024-06-18 22:48:46,416 INFO  [Log] wrong username + wrong password 
2024-06-18 22:48:52,246 INFO  [Log] Login Test Case Starting 
2024-06-18 22:48:52,385 INFO  [Log] Entered valid admin credentials 
2024-06-18 22:48:54,243 INFO  [Log] Clicked Login Button 
2024-06-18 22:48:54,261 INFO  [Log] Validating welcome message from Dashboard page 
2024-06-18 22:49:09,644 INFO  [Log] **************************************************************************************** 
2024-06-18 22:49:09,644 INFO  [Log] **************************************************************************************** 
2024-06-18 22:49:09,644 INFO  [Log] $$$$$$$$$$$$$$$$$$$$$                 Accessing Membership Section Test Case       $$$$$$$$$$$$$$$$$$$$$$$$$ 
2024-06-18 22:49:09,645 INFO  [Log] **************************************************************************************** 
2024-06-18 22:49:09,645 INFO  [Log] **************************************************************************************** 
2024-06-18 22:49:09,645 INFO  [Log] my info page has been clicked 
2024-06-18 22:49:10,619 INFO  [Log] Membership Section has been clicked 
2024-06-18 22:49:10,637 INFO  [Log] Assigned Memberships page has been successfully opened 
2024-06-18 22:49:10,682 INFO  [Log] **************************************************************************************** 
2024-06-18 22:49:10,682 INFO  [Log] **************************************************************************************** 
2024-06-18 22:49:10,682 INFO  [Log] $$$$$$$$$$$$$$$$$$$$$                 Create a new membership with valid membership details test case       $$$$$$$$$$$$$$$$$$$$$$$$$ 
2024-06-18 22:49:10,682 INFO  [Log] **************************************************************************************** 
2024-06-18 22:49:10,682 INFO  [Log] **************************************************************************************** 
2024-06-18 22:49:10,682 INFO  [Log] Add button has been clicked 
2024-06-18 22:49:10,822 INFO  [Log] Membership type has been selected 
2024-06-18 22:49:10,974 INFO  [Log] Membership subscription type has been selected 
2024-06-18 22:49:11,062 INFO  [Log] Subscription amount has been entered 
2024-06-18 22:49:11,144 INFO  [Log] Currency has been selected 
2024-06-18 22:49:11,306 INFO  [Log] Subscription starting  month and year has been selected 
2024-06-18 22:49:11,370 INFO  [Log] Subscription starting date has been selected 
2024-06-18 22:49:11,766 INFO  [Log] Subscription Renew  month and year has been selected 
2024-06-18 22:49:11,837 INFO  [Log] Subscription Renew date has been selected 
2024-06-18 22:49:13,678 INFO  [Log] Save button has been clicked 
2024-06-18 22:49:13,720 INFO  [Log] Successfully Saved message has appeared 
2024-06-18 23:07:44,702 INFO  [Log] **************************************************************************************** 
2024-06-18 23:07:44,702 INFO  [Log] **************************************************************************************** 
2024-06-18 23:07:44,703 INFO  [Log] $$$$$$$$$$$$$$$$$$$$$                 Adding Employee to the HRMS application without providing employee ID       $$$$$$$$$$$$$$$$$$$$$$$$$ 
2024-06-18 23:07:44,703 INFO  [Log] **************************************************************************************** 
2024-06-18 23:07:44,703 INFO  [Log] **************************************************************************************** 
2024-06-18 23:07:44,703 INFO  [Log] PIM option has been clicked 
2024-06-18 23:07:48,957 INFO  [Log] Add Employee option has been clicked 
2024-06-18 23:07:48,981 INFO  [Log] Add Employee tab is open 
2024-06-18 23:07:49,114 INFO  [Log] Employee first name and last name has been entered 
2024-06-18 23:07:49,134 INFO  [Log] Employee ID field is cleared 
2024-06-18 23:10:35,958 INFO  [Log] **************************************************************************************** 
2024-06-18 23:10:35,958 INFO  [Log] **************************************************************************************** 
2024-06-18 23:10:35,959 INFO  [Log] $$$$$$$$$$$$$$$$$$$$$                 Adding Employee to the HRMS application without providing employee ID       $$$$$$$$$$$$$$$$$$$$$$$$$ 
2024-06-18 23:10:35,959 INFO  [Log] **************************************************************************************** 
2024-06-18 23:10:35,959 INFO  [Log] **************************************************************************************** 
2024-06-18 23:10:35,959 INFO  [Log] PIM option has been clicked 
2024-06-18 23:10:40,207 INFO  [Log] Add Employee option has been clicked 
2024-06-18 23:10:40,236 INFO  [Log] Add Employee tab is open 
2024-06-18 23:10:40,365 INFO  [Log] Employee first name and last name has been entered 
2024-06-18 23:20:09,156 INFO  [Log] **************************************************************************************** 
2024-06-18 23:20:09,156 INFO  [Log] **************************************************************************************** 
2024-06-18 23:20:09,157 INFO  [Log] $$$$$$$$$$$$$$$$$$$$$                 Adding Employee to the HRMS application without providing employee ID       $$$$$$$$$$$$$$$$$$$$$$$$$ 
2024-06-18 23:20:09,157 INFO  [Log] **************************************************************************************** 
2024-06-18 23:20:09,157 INFO  [Log] **************************************************************************************** 
2024-06-18 23:20:09,157 INFO  [Log] PIM option has been clicked 
2024-06-18 23:20:13,266 INFO  [Log] Add Employee option has been clicked 
2024-06-18 23:20:13,291 INFO  [Log] Add Employee tab is open 
2024-06-18 23:20:13,426 INFO  [Log] Employee first name and last name has been entered 
2024-06-18 23:20:13,445 INFO  [Log] Employee ID field is cleared 
2024-06-18 23:20:15,294 INFO  [Log] Save button has been clicked 
2024-06-18 23:20:15,314 INFO  [Log] New Employee was successfully added 
2024-06-18 23:58:42,910 INFO  [Log] **************************************************************************************** 
2024-06-18 23:58:42,911 INFO  [Log] **************************************************************************************** 
2024-06-18 23:58:42,911 INFO  [Log] $$$$$$$$$$$$$$$$$$$$$                 Adding Employee to the HRMS application without providing employee ID       $$$$$$$$$$$$$$$$$$$$$$$$$ 
2024-06-18 23:58:42,911 INFO  [Log] **************************************************************************************** 
2024-06-18 23:58:42,911 INFO  [Log] **************************************************************************************** 
2024-06-18 23:58:42,911 INFO  [Log] PIM option has been clicked 
2024-06-18 23:58:46,965 INFO  [Log] Add Employee option has been clicked 
2024-06-18 23:58:46,993 INFO  [Log] Add Employee tab is open 
2024-06-18 23:58:47,121 INFO  [Log] Employee first name and last name has been entered 
2024-06-18 23:58:47,140 INFO  [Log] Employee ID field is cleared 
2024-06-18 23:58:49,185 INFO  [Log] Save button has been clicked 
2024-06-18 23:58:49,220 INFO  [Log] New Employee was successfully added 
2024-06-18 23:59:37,935 INFO  [Log] **************************************************************************************** 
2024-06-18 23:59:37,935 INFO  [Log] **************************************************************************************** 
2024-06-18 23:59:37,936 INFO  [Log] $$$$$$$$$$$$$$$$$$$$$                 Accessing Membership Section Test Case       $$$$$$$$$$$$$$$$$$$$$$$$$ 
2024-06-18 23:59:37,936 INFO  [Log] **************************************************************************************** 
2024-06-18 23:59:37,936 INFO  [Log] **************************************************************************************** 
2024-06-18 23:59:37,936 INFO  [Log] my info page has been clicked 
2024-06-18 23:59:38,963 INFO  [Log] Membership Section has been clicked 
2024-06-18 23:59:38,990 INFO  [Log] Assigned Memberships page has been successfully opened 
2024-06-18 23:59:44,265 INFO  [Log] Login Test Case Starting 
2024-06-18 23:59:44,404 INFO  [Log] Entered valid admin credentials 
2024-06-18 23:59:46,013 INFO  [Log] Clicked Login Button 
2024-06-18 23:59:46,034 INFO  [Log] Validating welcome message from Dashboard page 
2024-06-18 23:59:46,183 INFO  [Log] **************************************************************************************** 
2024-06-18 23:59:46,183 INFO  [Log] **************************************************************************************** 
2024-06-18 23:59:46,183 INFO  [Log] $$$$$$$$$$$$$$$$$$$$$                 Adding Employee to the HRMS application without providing employee ID       $$$$$$$$$$$$$$$$$$$$$$$$$ 
2024-06-18 23:59:46,183 INFO  [Log] **************************************************************************************** 
2024-06-18 23:59:46,183 INFO  [Log] **************************************************************************************** 
2024-06-18 23:59:46,183 INFO  [Log] PIM option has been clicked 
2024-06-18 23:59:50,309 INFO  [Log] Add Employee option has been clicked 
2024-06-18 23:59:50,336 INFO  [Log] Add Employee tab is open 
2024-06-18 23:59:50,467 INFO  [Log] Employee first name and last name has been entered 
2024-06-18 23:59:50,486 INFO  [Log] Employee ID field is cleared 
2024-06-18 23:59:52,372 INFO  [Log] Save button has been clicked 
2024-06-18 23:59:52,394 INFO  [Log] New Employee was successfully added 
2024-06-18 23:59:57,676 INFO  [Log] Entering invalid credentials 
2024-06-18 23:59:57,678 INFO  [Log] Blank username + valid password 
2024-06-18 23:59:57,678 INFO  [Log] actual username + blank password 
2024-06-18 23:59:57,678 INFO  [Log] wrong username + wrong password 
2024-06-19 00:00:03,496 INFO  [Log] Login Test Case Starting 
2024-06-19 00:00:03,635 INFO  [Log] Entered valid admin credentials 
2024-06-19 00:00:05,150 INFO  [Log] Clicked Login Button 
2024-06-19 00:00:05,172 INFO  [Log] Validating welcome message from Dashboard page 
2024-06-19 00:00:19,661 INFO  [Log] **************************************************************************************** 
2024-06-19 00:00:19,661 INFO  [Log] **************************************************************************************** 
2024-06-19 00:00:19,661 INFO  [Log] $$$$$$$$$$$$$$$$$$$$$                 Accessing Membership Section Test Case       $$$$$$$$$$$$$$$$$$$$$$$$$ 
2024-06-19 00:00:19,661 INFO  [Log] **************************************************************************************** 
2024-06-19 00:00:19,661 INFO  [Log] **************************************************************************************** 
2024-06-19 00:00:19,661 INFO  [Log] my info page has been clicked 
2024-06-19 00:00:20,717 INFO  [Log] Membership Section has been clicked 
2024-06-19 00:00:20,743 INFO  [Log] Assigned Memberships page has been successfully opened 
2024-06-19 00:00:20,791 INFO  [Log] **************************************************************************************** 
2024-06-19 00:00:20,791 INFO  [Log] **************************************************************************************** 
2024-06-19 00:00:20,791 INFO  [Log] $$$$$$$$$$$$$$$$$$$$$                 Create a new membership with valid membership details test case       $$$$$$$$$$$$$$$$$$$$$$$$$ 
2024-06-19 00:00:20,791 INFO  [Log] **************************************************************************************** 
2024-06-19 00:00:20,791 INFO  [Log] **************************************************************************************** 
2024-06-19 00:00:20,791 INFO  [Log] Add button has been clicked 
2024-06-19 00:00:20,914 INFO  [Log] Membership type has been selected 
2024-06-19 00:00:21,060 INFO  [Log] Membership subscription type has been selected 
2024-06-19 00:00:21,131 INFO  [Log] Subscription amount has been entered 
2024-06-19 00:00:21,215 INFO  [Log] Currency has been selected 
2024-06-19 00:00:21,382 INFO  [Log] Subscription starting  month and year has been selected 
2024-06-19 00:00:21,448 INFO  [Log] Subscription starting date has been selected 
2024-06-19 00:00:21,856 INFO  [Log] Subscription Renew  month and year has been selected 
2024-06-19 00:00:21,925 INFO  [Log] Subscription Renew date has been selected 
2024-06-19 00:00:23,248 INFO  [Log] Save button has been clicked 
2024-06-19 00:00:23,277 INFO  [Log] Successfully Saved message has appeared 
2024-06-19 00:00:31,182 INFO  [Log] **************************************************************************************** 
2024-06-19 00:00:31,182 INFO  [Log] **************************************************************************************** 
2024-06-19 00:00:31,182 INFO  [Log] $$$$$$$$$$$$$$$$$$$$$                 Accessing Membership Section Test Case       $$$$$$$$$$$$$$$$$$$$$$$$$ 
2024-06-19 00:00:31,182 INFO  [Log] **************************************************************************************** 
2024-06-19 00:00:31,182 INFO  [Log] **************************************************************************************** 
2024-06-19 00:00:31,182 INFO  [Log] my info page has been clicked 
2024-06-19 00:00:32,236 INFO  [Log] Membership Section has been clicked 
2024-06-19 00:00:32,260 INFO  [Log] Assigned Memberships page has been successfully opened 
2024-06-19 00:00:32,306 INFO  [Log] **************************************************************************************** 
2024-06-19 00:00:32,306 INFO  [Log] **************************************************************************************** 
2024-06-19 00:00:32,306 INFO  [Log] $$$$$$$$$$$$$$$$$$$$$                 Create a new membership with valid membership details test case       $$$$$$$$$$$$$$$$$$$$$$$$$ 
2024-06-19 00:00:32,306 INFO  [Log] **************************************************************************************** 
2024-06-19 00:00:32,306 INFO  [Log] **************************************************************************************** 
2024-06-19 00:00:32,306 INFO  [Log] Add button has been clicked 
2024-06-19 00:00:32,344 INFO  [Log] **************************************************************************************** 
2024-06-19 00:00:32,344 INFO  [Log] **************************************************************************************** 
2024-06-19 00:00:32,344 INFO  [Log] $$$$$$$$$$$$$$$$$$$$$                 Add new membership with empty fields Test Case       $$$$$$$$$$$$$$$$$$$$$$$$$ 
2024-06-19 00:00:32,344 INFO  [Log] **************************************************************************************** 
2024-06-19 00:00:32,344 INFO  [Log] **************************************************************************************** 
2024-06-19 00:00:32,344 INFO  [Log] Save button has been clicked with empty mandatory fields 
2024-06-19 00:00:32,368 INFO  [Log] Required error message has appeared after empty fields saving attempt 
2024-06-19 00:00:40,246 INFO  [Log] **************************************************************************************** 
2024-06-19 00:00:40,246 INFO  [Log] **************************************************************************************** 
2024-06-19 00:00:40,246 INFO  [Log] $$$$$$$$$$$$$$$$$$$$$                 Accessing Membership Section Test Case       $$$$$$$$$$$$$$$$$$$$$$$$$ 
2024-06-19 00:00:40,246 INFO  [Log] **************************************************************************************** 
2024-06-19 00:00:40,246 INFO  [Log] **************************************************************************************** 
2024-06-19 00:00:40,246 INFO  [Log] my info page has been clicked 
2024-06-19 00:00:41,210 INFO  [Log] Membership Section has been clicked 
2024-06-19 00:00:41,233 INFO  [Log] Assigned Memberships page has been successfully opened 
2024-06-19 00:00:41,281 INFO  [Log] **************************************************************************************** 
2024-06-19 00:00:41,281 INFO  [Log] **************************************************************************************** 
2024-06-19 00:00:41,281 INFO  [Log] $$$$$$$$$$$$$$$$$$$$$                 Edit existing membership details       $$$$$$$$$$$$$$$$$$$$$$$$$ 
2024-06-19 00:00:41,281 INFO  [Log] **************************************************************************************** 
2024-06-19 00:00:41,281 INFO  [Log] **************************************************************************************** 
2024-06-19 00:00:41,281 INFO  [Log] Existing Membership code has been clicked 
2024-06-19 00:00:41,297 INFO  [Log] Edit Membership section has been open 
2024-06-19 00:00:41,406 INFO  [Log] Membership type has been changed to Individual 
2024-06-19 00:00:41,561 INFO  [Log] Currency type has been changed to AUD 
2024-06-19 00:00:43,011 INFO  [Log] Save button has been clicked 
2024-06-19 00:00:43,032 INFO  [Log] Successfully Saved message has appeared 
2024-06-19 00:00:43,045 INFO  [Log] Membership details has been updated 
2024-06-19 00:00:50,852 INFO  [Log] **************************************************************************************** 
2024-06-19 00:00:50,852 INFO  [Log] **************************************************************************************** 
2024-06-19 00:00:50,852 INFO  [Log] $$$$$$$$$$$$$$$$$$$$$                 Accessing Membership Section Test Case       $$$$$$$$$$$$$$$$$$$$$$$$$ 
2024-06-19 00:00:50,852 INFO  [Log] **************************************************************************************** 
2024-06-19 00:00:50,852 INFO  [Log] **************************************************************************************** 
2024-06-19 00:00:50,852 INFO  [Log] my info page has been clicked 
2024-06-19 00:00:51,872 INFO  [Log] Membership Section has been clicked 
2024-06-19 00:00:51,897 INFO  [Log] Assigned Memberships page has been successfully opened 
2024-06-19 00:00:51,945 INFO  [Log] **************************************************************************************** 
2024-06-19 00:00:51,945 INFO  [Log] **************************************************************************************** 
2024-06-19 00:00:51,945 INFO  [Log] $$$$$$$$$$$$$$$$$$$$$                 Delete existing membership Test Case       $$$$$$$$$$$$$$$$$$$$$$$$$ 
2024-06-19 00:00:51,945 INFO  [Log] **************************************************************************************** 
2024-06-19 00:00:51,945 INFO  [Log] **************************************************************************************** 
2024-06-19 00:00:51,945 INFO  [Log] Checkbox next to membership name has been clicked 
2024-06-19 00:00:53,063 INFO  [Log] DELETE button has been clicked 
2024-06-19 00:00:53,092 INFO  [Log] Successfully removed message has appeared 
2024-06-19 02:30:04,066 INFO  [Log] **************************************************************************************** 
2024-06-19 02:30:04,066 INFO  [Log] **************************************************************************************** 
2024-06-19 02:30:04,067 INFO  [Log] $$$$$$$$$$$$$$$$$$$$$                 Navigating to PIM option       $$$$$$$$$$$$$$$$$$$$$$$$$ 
2024-06-19 02:30:04,067 INFO  [Log] **************************************************************************************** 
2024-06-19 02:30:04,067 INFO  [Log] **************************************************************************************** 
2024-06-19 02:30:04,067 INFO  [Log] PIM option has been clicked 
2024-06-19 02:30:11,269 INFO  [Log] **************************************************************************************** 
2024-06-19 02:30:11,269 INFO  [Log] **************************************************************************************** 
2024-06-19 02:30:11,270 INFO  [Log] $$$$$$$$$$$$$$$$$$$$$                 Employee Search test case       $$$$$$$$$$$$$$$$$$$$$$$$$ 
2024-06-19 02:30:11,270 INFO  [Log] **************************************************************************************** 
2024-06-19 02:30:11,270 INFO  [Log] **************************************************************************************** 
2024-06-19 02:30:11,270 INFO  [Log] Employee List option has been clicked 
2024-06-19 02:30:11,293 INFO  [Log] Employee Information tab is open 
2024-06-19 02:30:11,383 INFO  [Log] Employees first name and last name has been entered 
2024-06-19 02:30:11,404 INFO  [Log] Search button has been clicked 
2024-06-19 02:30:11,422 INFO  [Log] Entered employee successfully appeared on the info table 
2024-06-19 02:30:17,908 INFO  [Log] Login Test Case Starting 
2024-06-19 02:30:18,051 INFO  [Log] Entered valid admin credentials 
2024-06-19 02:30:19,647 INFO  [Log] Clicked Login Button 
2024-06-19 02:30:19,665 INFO  [Log] Validating welcome message from Dashboard page 
2024-06-19 02:30:19,819 INFO  [Log] **************************************************************************************** 
2024-06-19 02:30:19,819 INFO  [Log] **************************************************************************************** 
2024-06-19 02:30:19,819 INFO  [Log] $$$$$$$$$$$$$$$$$$$$$                 Navigating to PIM option       $$$$$$$$$$$$$$$$$$$$$$$$$ 
2024-06-19 02:30:19,819 INFO  [Log] **************************************************************************************** 
2024-06-19 02:30:19,819 INFO  [Log] **************************************************************************************** 
2024-06-19 02:30:19,819 INFO  [Log] PIM option has been clicked 
2024-06-19 02:30:26,979 INFO  [Log] **************************************************************************************** 
2024-06-19 02:30:26,979 INFO  [Log] **************************************************************************************** 
2024-06-19 02:30:26,979 INFO  [Log] $$$$$$$$$$$$$$$$$$$$$                 Employee Search test case       $$$$$$$$$$$$$$$$$$$$$$$$$ 
2024-06-19 02:30:26,979 INFO  [Log] **************************************************************************************** 
2024-06-19 02:30:26,979 INFO  [Log] **************************************************************************************** 
2024-06-19 02:30:26,979 INFO  [Log] Employee List option has been clicked 
2024-06-19 02:30:27,003 INFO  [Log] Employee Information tab is open 
2024-06-19 02:30:27,090 INFO  [Log] Employees first name and last name has been entered 
2024-06-19 02:30:27,112 INFO  [Log] Search button has been clicked 
2024-06-19 02:30:27,132 INFO  [Log] Entered employee successfully appeared on the info table 
2024-06-19 02:30:31,698 INFO  [Log] Login Test Case Starting 
2024-06-19 02:30:32,417 INFO  [Log] Entered valid admin credentials 
2024-06-19 02:30:33,911 INFO  [Log] Clicked Login Button 
2024-06-19 02:30:33,928 INFO  [Log] Validating welcome message from Dashboard page 
2024-06-19 02:30:34,064 INFO  [Log] **************************************************************************************** 
2024-06-19 02:30:34,064 INFO  [Log] **************************************************************************************** 
2024-06-19 02:30:34,064 INFO  [Log] $$$$$$$$$$$$$$$$$$$$$                 Navigating to PIM option       $$$$$$$$$$$$$$$$$$$$$$$$$ 
2024-06-19 02:30:34,064 INFO  [Log] **************************************************************************************** 
2024-06-19 02:30:34,064 INFO  [Log] **************************************************************************************** 
2024-06-19 02:30:34,064 INFO  [Log] PIM option has been clicked 
2024-06-19 02:30:41,267 INFO  [Log] **************************************************************************************** 
2024-06-19 02:30:41,267 INFO  [Log] **************************************************************************************** 
2024-06-19 02:30:41,267 INFO  [Log] $$$$$$$$$$$$$$$$$$$$$                 Employee Search test case       $$$$$$$$$$$$$$$$$$$$$$$$$ 
2024-06-19 02:30:41,267 INFO  [Log] **************************************************************************************** 
2024-06-19 02:30:41,267 INFO  [Log] **************************************************************************************** 
2024-06-19 02:30:41,267 INFO  [Log] Employee List option has been clicked 
2024-06-19 02:30:41,287 INFO  [Log] Employee Information tab is open 
2024-06-19 02:30:41,377 INFO  [Log] Employees first name and last name has been entered 
2024-06-19 02:30:41,393 INFO  [Log] Search button has been clicked 
2024-06-19 02:30:41,413 INFO  [Log] Entered employee successfully appeared on the info table 
2024-06-19 02:36:07,715 INFO  [Log] **************************************************************************************** 
2024-06-19 02:36:07,716 INFO  [Log] **************************************************************************************** 
2024-06-19 02:36:07,716 INFO  [Log] $$$$$$$$$$$$$$$$$$$$$                 Navigating to PIM option       $$$$$$$$$$$$$$$$$$$$$$$$$ 
2024-06-19 02:36:07,716 INFO  [Log] **************************************************************************************** 
2024-06-19 02:36:07,716 INFO  [Log] **************************************************************************************** 
2024-06-19 02:36:07,716 INFO  [Log] PIM option has been clicked 
2024-06-19 02:36:14,767 INFO  [Log] **************************************************************************************** 
2024-06-19 02:36:14,767 INFO  [Log] **************************************************************************************** 
2024-06-19 02:36:14,767 INFO  [Log] $$$$$$$$$$$$$$$$$$$$$                 Employee Search test case       $$$$$$$$$$$$$$$$$$$$$$$$$ 
2024-06-19 02:36:14,767 INFO  [Log] **************************************************************************************** 
2024-06-19 02:36:14,767 INFO  [Log] **************************************************************************************** 
2024-06-19 02:36:14,767 INFO  [Log] Employee List option has been clicked 
2024-06-19 02:36:14,791 INFO  [Log] Employee Information tab is open 
2024-06-19 02:36:14,876 INFO  [Log] Employees first name and last name has been entered 
2024-06-19 02:36:14,897 INFO  [Log] Search button has been clicked 
2024-06-19 02:36:14,919 INFO  [Log] Entered employee successfully appeared on the info table 
2024-06-19 02:36:20,156 INFO  [Log] Login Test Case Starting 
2024-06-19 02:36:20,304 INFO  [Log] Entered valid admin credentials 
2024-06-19 02:36:21,825 INFO  [Log] Clicked Login Button 
2024-06-19 02:36:21,844 INFO  [Log] Validating welcome message from Dashboard page 
2024-06-19 02:36:21,982 INFO  [Log] **************************************************************************************** 
2024-06-19 02:36:21,982 INFO  [Log] **************************************************************************************** 
2024-06-19 02:36:21,982 INFO  [Log] $$$$$$$$$$$$$$$$$$$$$                 Navigating to PIM option       $$$$$$$$$$$$$$$$$$$$$$$$$ 
2024-06-19 02:36:21,982 INFO  [Log] **************************************************************************************** 
2024-06-19 02:36:21,982 INFO  [Log] **************************************************************************************** 
2024-06-19 02:36:21,982 INFO  [Log] PIM option has been clicked 
2024-06-19 02:36:29,094 INFO  [Log] **************************************************************************************** 
2024-06-19 02:36:29,094 INFO  [Log] **************************************************************************************** 
2024-06-19 02:36:29,094 INFO  [Log] $$$$$$$$$$$$$$$$$$$$$                 Employee Search test case       $$$$$$$$$$$$$$$$$$$$$$$$$ 
2024-06-19 02:36:29,094 INFO  [Log] **************************************************************************************** 
2024-06-19 02:36:29,094 INFO  [Log] **************************************************************************************** 
2024-06-19 02:36:29,094 INFO  [Log] Employee List option has been clicked 
2024-06-19 02:36:29,117 INFO  [Log] Employee Information tab is open 
2024-06-19 02:36:29,210 INFO  [Log] Employees first name and last name has been entered 
2024-06-19 02:36:29,225 INFO  [Log] Search button has been clicked 
2024-06-19 02:36:29,243 INFO  [Log] Entered employee successfully appeared on the info table 
2024-06-19 02:36:34,428 INFO  [Log] Login Test Case Starting 
2024-06-19 02:36:34,564 INFO  [Log] Entered valid admin credentials 
2024-06-19 02:36:36,082 INFO  [Log] Clicked Login Button 
2024-06-19 02:36:36,099 INFO  [Log] Validating welcome message from Dashboard page 
2024-06-19 02:36:36,233 INFO  [Log] **************************************************************************************** 
2024-06-19 02:36:36,233 INFO  [Log] **************************************************************************************** 
2024-06-19 02:36:36,233 INFO  [Log] $$$$$$$$$$$$$$$$$$$$$                 Navigating to PIM option       $$$$$$$$$$$$$$$$$$$$$$$$$ 
2024-06-19 02:36:36,233 INFO  [Log] **************************************************************************************** 
2024-06-19 02:36:36,233 INFO  [Log] **************************************************************************************** 
2024-06-19 02:36:36,233 INFO  [Log] PIM option has been clicked 
2024-06-19 02:36:43,520 INFO  [Log] **************************************************************************************** 
2024-06-19 02:36:43,520 INFO  [Log] **************************************************************************************** 
2024-06-19 02:36:43,520 INFO  [Log] $$$$$$$$$$$$$$$$$$$$$                 Employee Search test case       $$$$$$$$$$$$$$$$$$$$$$$$$ 
2024-06-19 02:36:43,521 INFO  [Log] **************************************************************************************** 
2024-06-19 02:36:43,521 INFO  [Log] **************************************************************************************** 
2024-06-19 02:36:43,521 INFO  [Log] Employee List option has been clicked 
2024-06-19 02:36:43,540 INFO  [Log] Employee Information tab is open 
2024-06-19 02:36:43,623 INFO  [Log] Employees first name and last name has been entered 
2024-06-19 02:36:43,639 INFO  [Log] Search button has been clicked 
2024-06-19 02:36:43,656 INFO  [Log] Entered employee successfully appeared on the info table 
2024-06-19 02:48:34,325 INFO  [Log] **************************************************************************************** 
2024-06-19 02:48:34,325 INFO  [Log] **************************************************************************************** 
2024-06-19 02:48:34,326 INFO  [Log] $$$$$$$$$$$$$$$$$$$$$                 Navigating to PIM option       $$$$$$$$$$$$$$$$$$$$$$$$$ 
2024-06-19 02:48:34,326 INFO  [Log] **************************************************************************************** 
2024-06-19 02:48:34,326 INFO  [Log] **************************************************************************************** 
2024-06-19 02:48:34,326 INFO  [Log] PIM option has been clicked 
2024-06-19 02:50:15,625 INFO  [Log] **************************************************************************************** 
2024-06-19 02:50:15,625 INFO  [Log] **************************************************************************************** 
2024-06-19 02:50:15,626 INFO  [Log] $$$$$$$$$$$$$$$$$$$$$                 Navigating to PIM option       $$$$$$$$$$$$$$$$$$$$$$$$$ 
2024-06-19 02:50:15,626 INFO  [Log] **************************************************************************************** 
2024-06-19 02:50:15,626 INFO  [Log] **************************************************************************************** 
2024-06-19 02:50:15,626 INFO  [Log] PIM option has been clicked 
2024-06-19 02:50:23,003 INFO  [Log] **************************************************************************************** 
2024-06-19 02:50:23,003 INFO  [Log] **************************************************************************************** 
2024-06-19 02:50:23,003 INFO  [Log] $$$$$$$$$$$$$$$$$$$$$                 Employee Search test case       $$$$$$$$$$$$$$$$$$$$$$$$$ 
2024-06-19 02:50:23,003 INFO  [Log] **************************************************************************************** 
2024-06-19 02:50:23,003 INFO  [Log] **************************************************************************************** 
2024-06-19 02:50:23,003 INFO  [Log] Employee List option has been clicked 
2024-06-19 02:50:23,027 INFO  [Log] Employee Information tab is open 
2024-06-19 02:50:23,079 INFO  [Log] Employee ID has been entered 
2024-06-19 02:50:23,096 INFO  [Log] Search button has been clicked 
